2020-12-13 15:03:39,024 - INFO - [31mNamespace(batch_size=128, checkpoint_path='1234.log', dropout=0.4, embeddings='data/embeddings.pkl', epochs=100, hidden_size=450, load_from=False, local_rank=-1, lr=0.0004, max_gradient_norm=10.0, multimodel=False, num_classes=3, num_layer=1, patience=3, pooling_filename='max_avg_max_avg', pooling_method=['max', 'avg', 'max', 'avg'], save_path='result/max_avg_max_avg', seed=0, test_data='data/test_data.pkl', test_statistics='data/test_statistics.pkl', train_data='data/train_data.pkl', valid_data='data/dev_data.pkl')[0m
2020-12-13 15:03:39,024 - INFO - ==================== Preparing for training ====================
2020-12-13 15:03:39,025 - INFO - 	* Loading training data...
2020-12-13 15:03:56,432 - INFO - 	* Loading validation data...
2020-12-13 15:03:56,832 - INFO - 	* Building model...
2020-12-13 15:04:15,118 - INFO - total_num:38698053 trainable_num:38698053
2020-12-13 15:04:15,119 - INFO - 
====================Training model on device: cuda:0====================
2020-12-13 15:04:15,119 - INFO - * Training epoch 1:
2020-12-13 15:08:26,627 - INFO - [31mNamespace(batch_size=128, checkpoint_path='1234.log', dropout=0.4, embeddings='data/embeddings.pkl', epochs=100, hidden_size=450, load_from=False, local_rank=-1, lr=0.0004, max_gradient_norm=10.0, multimodel=False, num_classes=3, num_layer=1, patience=3, pooling_filename='max_avg_max_avg', pooling_method=['max', 'avg', 'max', 'avg'], save_path='result/result', seed=0, test_data='data/test_data.pkl', test_statistics='data/test_statistics.pkl', train_data='data/train_data.pkl', valid_data='data/dev_data.pkl')[0m
2020-12-13 15:08:26,628 - INFO - ==================== Preparing for training ====================
2020-12-13 15:08:26,628 - INFO - 	* Loading training data...
2020-12-13 15:08:44,248 - INFO - 	* Loading validation data...
2020-12-13 15:08:44,633 - INFO - 	* Building model...
2020-12-13 15:08:56,341 - INFO - [31mNamespace(batch_size=128, checkpoint_path='1234.log', dropout=0.4, embeddings='data/embeddings.pkl', epochs=100, hidden_size=450, load_from=False, local_rank=-1, lr=0.0004, max_gradient_norm=10.0, multimodel=False, num_classes=3, num_layer=1, patience=3, pooling_filename='max_avg_max_avg', pooling_method=['max', 'avg', 'max', 'avg'], save_path='result/1234', seed=0, test_data='data/test_data.pkl', test_statistics='data/test_statistics.pkl', train_data='data/train_data.pkl', valid_data='data/dev_data.pkl')[0m
2020-12-13 15:08:56,341 - INFO - ==================== Preparing for training ====================
2020-12-13 15:08:56,341 - INFO - 	* Loading training data...
2020-12-13 15:09:16,730 - INFO - [31mNamespace(batch_size=128, checkpoint_path='1234.log', dropout=0.4, embeddings='data/embeddings.pkl', epochs=100, hidden_size=450, load_from=False, local_rank=-1, lr=0.0004, max_gradient_norm=10.0, multimodel=False, num_classes=3, num_layer=1, patience=3, pooling_filename='max_avg_max_avg', pooling_method=['max', 'avg', 'max', 'avg'], save_path='result/1234', seed=0, test_data='data/test_data.pkl', test_statistics='data/test_statistics.pkl', train_data='data/train_data.pkl', valid_data='data/dev_data.pkl')[0m
2020-12-13 15:09:16,731 - INFO - ==================== Preparing for training ====================
2020-12-13 15:09:16,731 - INFO - 	* Loading training data...
2020-12-13 15:09:33,718 - INFO - 	* Loading validation data...
2020-12-13 15:09:34,095 - INFO - 	* Building model...
2020-12-13 15:09:51,099 - INFO - total_num:39778053 trainable_num:39778053
2020-12-13 15:09:51,101 - INFO - 
====================Training model on device: cuda:0====================
2020-12-13 15:09:51,101 - INFO - * Training epoch 1:
2020-12-13 15:12:26,123 - INFO - [31mNamespace(batch_size=128, checkpoint_path='1234.log', dropout=0.4, embeddings='data/embeddings.pkl', epochs=100, hidden_size=450, load_from=False, local_rank=-1, lr=0.0004, max_gradient_norm=10.0, multimodel=False, num_classes=3, num_layer=1, patience=3, pooling_filename='max_avg_max_avg', pooling_method=['max', 'avg', 'max', 'avg'], save_path='result/1234', seed=0, test_data='data/test_data.pkl', test_statistics='data/test_statistics.pkl', train_data='data/train_data.pkl', valid_data='data/dev_data.pkl')[0m
2020-12-13 15:12:26,123 - INFO - ==================== Preparing for training ====================
2020-12-13 15:12:26,123 - INFO - 	* Loading training data...
2020-12-13 15:12:43,776 - INFO - 	* Loading validation data...
2020-12-13 15:12:44,172 - INFO - 	* Building model...
2020-12-13 15:12:57,467 - INFO - total_num:39778053 trainable_num:39778053
2020-12-13 15:12:57,469 - INFO - 
====================Training model on device: cuda:0====================
2020-12-13 15:12:57,469 - INFO - * Training epoch 1:
2020-12-13 15:26:35,617 - INFO - Training epoch: 1, time: 818.1479s, loss: 0.5894, accuracy: 75.4619%

2020-12-13 15:26:35,618 - INFO - * Validation for epoch 1:
2020-12-13 15:26:39,403 - INFO - Validing epoch: 1, time: 3.7845s, loss: 0.4013, accuracy: 84.4645%

2020-12-13 15:26:39,862 - INFO - * Training epoch 2:
2020-12-13 15:40:05,453 - INFO - Training epoch: 2, time: 805.5906s, loss: 0.4019, accuracy: 84.7814%

2020-12-13 15:40:05,454 - INFO - * Validation for epoch 2:
2020-12-13 15:40:09,207 - INFO - Validing epoch: 2, time: 3.7524s, loss: 0.3706, accuracy: 86.1715%

2020-12-13 15:40:09,748 - INFO - * Training epoch 3:
2020-12-13 15:53:35,938 - INFO - Training epoch: 3, time: 806.1888s, loss: 0.3372, accuracy: 87.5599%

2020-12-13 15:53:35,939 - INFO - * Validation for epoch 3:
2020-12-13 15:53:39,725 - INFO - Validing epoch: 3, time: 3.7850s, loss: 0.3543, accuracy: 86.9539%

2020-12-13 15:53:40,471 - INFO - * Training epoch 4:
2020-12-13 16:07:17,891 - INFO - Training epoch: 4, time: 817.4196s, loss: 0.2881, accuracy: 89.6119%

2020-12-13 16:07:17,892 - INFO - * Validation for epoch 4:
2020-12-13 16:07:21,641 - INFO - Validing epoch: 4, time: 3.7483s, loss: 0.3600, accuracy: 87.1876%

2020-12-13 16:07:22,149 - INFO - * Training epoch 5:
2020-12-13 16:20:53,873 - INFO - Training epoch: 5, time: 811.7228s, loss: 0.2446, accuracy: 91.3388%

2020-12-13 16:20:53,873 - INFO - * Validation for epoch 5:
2020-12-13 16:20:57,681 - INFO - Validing epoch: 5, time: 3.8069s, loss: 0.3695, accuracy: 87.0148%

2020-12-13 16:20:57,682 - INFO - * Training epoch 6:
2020-12-13 16:34:29,750 - INFO - Training epoch: 6, time: 812.0676s, loss: 0.1787, accuracy: 93.8802%

2020-12-13 16:34:29,751 - INFO - * Validation for epoch 6:
2020-12-13 16:34:33,493 - INFO - Validing epoch: 6, time: 3.7422s, loss: 0.4248, accuracy: 87.1672%

2020-12-13 16:34:33,494 - INFO - * Training epoch 7:
2020-12-13 16:47:53,759 - INFO - Training epoch: 7, time: 800.2647s, loss: 0.1323, accuracy: 95.6561%

2020-12-13 16:47:53,760 - INFO - * Validation for epoch 7:
2020-12-13 16:47:57,520 - INFO - Validing epoch: 7, time: 3.7597s, loss: 0.4867, accuracy: 86.7608%

2020-12-13 16:47:57,521 - INFO - -> Early stopping: patience limit reached, stopping...
2020-12-13 16:47:57,886 - INFO - -> Test : Loadding model from result/1234/best.pth.tar
2020-12-13 16:48:09,563 - INFO - ==================== Testing model on device: cuda:0 ====================
2020-12-13 16:48:18,114 - INFO - -> Average batch processing time: 0.0460s, total test time: 8.5493s, accuracy: 86.4312%
